[2023-06-30 13:47:24.068] [jointLog] [info] setting maxHashResizeThreads to 8
[2023-06-30 13:47:24.068] [jointLog] [info] Fragment incompatibility prior below threshold.  Incompatible fragments will be ignored.
[2023-06-30 13:47:24.068] [jointLog] [info] Usage of --validateMappings implies use of minScoreFraction. Since not explicitly specified, it is being set to 0.65
[2023-06-30 13:47:24.068] [jointLog] [info] Setting consensusSlack to selective-alignment default of 0.35.
[2023-06-30 13:47:24.068] [jointLog] [info] parsing read library format
[2023-06-30 13:47:24.068] [jointLog] [info] There is 1 library.
[2023-06-30 13:47:24.130] [jointLog] [info] Loading pufferfish index
[2023-06-30 13:47:24.130] [jointLog] [info] Loading dense pufferfish index.
[2023-06-30 13:47:27.014] [jointLog] [info] done
[2023-06-30 13:47:27.014] [jointLog] [info] Index contained 167,292 targets
[2023-06-30 13:47:27.045] [jointLog] [info] Number of decoys : 24
[2023-06-30 13:47:27.045] [jointLog] [info] First decoy index : 167,220 
[2023-06-30 13:47:27.442] [jointLog] [info] Automatically detected most likely library type as IU

[2023-06-30 13:49:56.603] [jointLog] [info] Computed 243,529 rich equivalence classes for further processing
[2023-06-30 13:49:56.603] [jointLog] [info] Counted 20,589,160 total reads in the equivalence classes 
[2023-06-30 13:49:56.610] [jointLog] [info] Number of mappings discarded because of alignment score : 11,721,825
[2023-06-30 13:49:56.610] [jointLog] [info] Number of fragments entirely discarded because of alignment score : 822,899
[2023-06-30 13:49:56.610] [jointLog] [info] Number of fragments discarded because they are best-mapped to decoys : 46,775
[2023-06-30 13:49:56.610] [jointLog] [info] Number of fragments discarded because they have only dovetail (discordant) mappings to valid targets : 506,983
[2023-06-30 13:49:56.610] [jointLog] [info] Mapping rate = 91.7246%

[2023-06-30 13:49:56.610] [jointLog] [info] finished quantifyLibrary()
[2023-06-30 13:49:56.610] [jointLog] [info] Starting optimizer
[2023-06-30 13:49:56.696] [jointLog] [info] Marked 0 weighted equivalence classes as degenerate
[2023-06-30 13:49:56.713] [jointLog] [info] iteration = 0 | max rel diff. = 7159.84
[2023-06-30 13:49:56.604] [fileLog] [info] 
At end of round 0
==================
Observed 22446711 total fragments (22446711 in most recent round)

[2023-06-30 13:49:58.437] [jointLog] [info] iteration = 100 | max rel diff. = 18.0495
[2023-06-30 13:50:00.081] [jointLog] [info] iteration = 200 | max rel diff. = 10.473
[2023-06-30 13:50:01.652] [jointLog] [info] iteration = 300 | max rel diff. = 0.663692
[2023-06-30 13:50:03.464] [jointLog] [info] iteration = 400 | max rel diff. = 0.872311
[2023-06-30 13:50:05.239] [jointLog] [info] iteration = 500 | max rel diff. = 0.1302
[2023-06-30 13:50:06.984] [jointLog] [info] iteration = 600 | max rel diff. = 1.66237
[2023-06-30 13:50:08.553] [jointLog] [info] iteration = 700 | max rel diff. = 0.056942
[2023-06-30 13:50:10.200] [jointLog] [info] iteration = 800 | max rel diff. = 0.241704
[2023-06-30 13:50:11.880] [jointLog] [info] iteration = 900 | max rel diff. = 0.075561
[2023-06-30 13:50:13.521] [jointLog] [info] iteration = 1,000 | max rel diff. = 0.0365214
[2023-06-30 13:50:15.011] [jointLog] [info] iteration = 1,100 | max rel diff. = 1.01583
[2023-06-30 13:50:16.495] [jointLog] [info] iteration = 1,200 | max rel diff. = 0.0282297
[2023-06-30 13:50:17.954] [jointLog] [info] iteration = 1,300 | max rel diff. = 0.0374265
[2023-06-30 13:50:19.447] [jointLog] [info] iteration = 1,400 | max rel diff. = 0.0407357
[2023-06-30 13:50:20.548] [jointLog] [info] iteration = 1,477 | max rel diff. = 0.00820983
[2023-06-30 13:50:20.559] [jointLog] [info] Finished optimizer
[2023-06-30 13:50:20.559] [jointLog] [info] writing output 

