                                 Started job on |	Jun 30 14:20:22
                             Started mapping on |	Jun 30 14:21:16
                                    Finished on |	Jun 30 14:27:59
       Mapping speed, Million of reads per hour |	207.79

                          Number of input reads |	23260813
                      Average input read length |	300
                                    UNIQUE READS:
                   Uniquely mapped reads number |	21674499
                        Uniquely mapped reads % |	93.18%
                          Average mapped length |	298.13
                       Number of splices: Total |	26728912
            Number of splices: Annotated (sjdb) |	26549149
                       Number of splices: GT/AG |	26489797
                       Number of splices: GC/AG |	184069
                       Number of splices: AT/AC |	22128
               Number of splices: Non-canonical |	32918
                      Mismatch rate per base, % |	0.20%
                         Deletion rate per base |	0.01%
                        Deletion average length |	1.82
                        Insertion rate per base |	0.01%
                       Insertion average length |	1.66
                             MULTI-MAPPING READS:
        Number of reads mapped to multiple loci |	274814
             % of reads mapped to multiple loci |	1.18%
        Number of reads mapped to too many loci |	486
             % of reads mapped to too many loci |	0.00%
                                  UNMAPPED READS:
  Number of reads unmapped: too many mismatches |	0
       % of reads unmapped: too many mismatches |	0.00%
            Number of reads unmapped: too short |	1308249
                 % of reads unmapped: too short |	5.62%
                Number of reads unmapped: other |	2765
                     % of reads unmapped: other |	0.01%
                                  CHIMERIC READS:
                       Number of chimeric reads |	0
                            % of chimeric reads |	0.00%
