[2023-06-30 14:08:25.270] [jointLog] [info] setting maxHashResizeThreads to 8
[2023-06-30 14:08:25.270] [jointLog] [info] Fragment incompatibility prior below threshold.  Incompatible fragments will be ignored.
[2023-06-30 14:08:25.270] [jointLog] [info] Usage of --validateMappings implies use of minScoreFraction. Since not explicitly specified, it is being set to 0.65
[2023-06-30 14:08:25.270] [jointLog] [info] Setting consensusSlack to selective-alignment default of 0.35.
[2023-06-30 14:08:25.270] [jointLog] [info] parsing read library format
[2023-06-30 14:08:25.270] [jointLog] [info] There is 1 library.
[2023-06-30 14:08:25.337] [jointLog] [info] Loading pufferfish index
[2023-06-30 14:08:25.337] [jointLog] [info] Loading dense pufferfish index.
[2023-06-30 14:08:26.871] [jointLog] [info] done
[2023-06-30 14:08:26.871] [jointLog] [info] Index contained 167,292 targets
[2023-06-30 14:08:26.914] [jointLog] [info] Number of decoys : 24
[2023-06-30 14:08:26.914] [jointLog] [info] First decoy index : 167,220 
[2023-06-30 14:08:27.522] [jointLog] [info] Automatically detected most likely library type as IU

[2023-06-30 14:10:51.972] [jointLog] [info] Computed 232,335 rich equivalence classes for further processing
[2023-06-30 14:10:51.972] [jointLog] [info] Counted 18,887,546 total reads in the equivalence classes 
[2023-06-30 14:10:51.978] [jointLog] [info] Number of mappings discarded because of alignment score : 11,656,715
[2023-06-30 14:10:51.978] [jointLog] [info] Number of fragments entirely discarded because of alignment score : 848,897
[2023-06-30 14:10:51.978] [jointLog] [info] Number of fragments discarded because they are best-mapped to decoys : 46,644
[2023-06-30 14:10:51.978] [jointLog] [info] Number of fragments discarded because they have only dovetail (discordant) mappings to valid targets : 505,036
[2023-06-30 14:10:51.978] [jointLog] [info] Mapping rate = 90.1253%

[2023-06-30 14:10:51.978] [jointLog] [info] finished quantifyLibrary()
[2023-06-30 14:10:51.979] [jointLog] [info] Starting optimizer
[2023-06-30 14:10:51.973] [fileLog] [info] 
At end of round 0
==================
Observed 20956980 total fragments (20956980 in most recent round)

[2023-06-30 14:10:53.285] [jointLog] [info] Marked 0 weighted equivalence classes as degenerate
[2023-06-30 14:10:53.299] [jointLog] [info] iteration = 0 | max rel diff. = 6959.25
[2023-06-30 14:10:54.598] [jointLog] [info] iteration = 100 | max rel diff. = 12.7205
[2023-06-30 14:10:56.058] [jointLog] [info] iteration = 200 | max rel diff. = 6.82146
[2023-06-30 14:10:57.470] [jointLog] [info] iteration = 300 | max rel diff. = 1.78538
[2023-06-30 14:10:58.951] [jointLog] [info] iteration = 400 | max rel diff. = 1.46858
[2023-06-30 14:11:00.511] [jointLog] [info] iteration = 500 | max rel diff. = 0.693914
[2023-06-30 14:11:02.087] [jointLog] [info] iteration = 600 | max rel diff. = 0.812408
[2023-06-30 14:11:03.744] [jointLog] [info] iteration = 700 | max rel diff. = 1.73492
[2023-06-30 14:11:05.284] [jointLog] [info] iteration = 800 | max rel diff. = 0.260587
[2023-06-30 14:11:06.907] [jointLog] [info] iteration = 900 | max rel diff. = 2.70418
[2023-06-30 14:11:08.597] [jointLog] [info] iteration = 1,000 | max rel diff. = 0.424783
[2023-06-30 14:11:10.275] [jointLog] [info] iteration = 1,100 | max rel diff. = 0.18392
[2023-06-30 14:11:11.947] [jointLog] [info] iteration = 1,200 | max rel diff. = 0.255332
[2023-06-30 14:11:13.641] [jointLog] [info] iteration = 1,300 | max rel diff. = 0.0291942
[2023-06-30 14:11:14.318] [jointLog] [info] iteration = 1,341 | max rel diff. = 0.00856896
[2023-06-30 14:11:14.332] [jointLog] [info] Finished optimizer
[2023-06-30 14:11:14.332] [jointLog] [info] writing output 

