                                 Started job on |	Jun 30 15:10:37
                             Started mapping on |	Jun 30 15:10:52
                                    Finished on |	Jun 30 15:18:08
       Mapping speed, Million of reads per hour |	197.78

                          Number of input reads |	23952923
                      Average input read length |	300
                                    UNIQUE READS:
                   Uniquely mapped reads number |	22859203
                        Uniquely mapped reads % |	95.43%
                          Average mapped length |	298.02
                       Number of splices: Total |	27692102
            Number of splices: Annotated (sjdb) |	27517666
                       Number of splices: GT/AG |	27430065
                       Number of splices: GC/AG |	195339
                       Number of splices: AT/AC |	26071
               Number of splices: Non-canonical |	40627
                      Mismatch rate per base, % |	0.20%
                         Deletion rate per base |	0.01%
                        Deletion average length |	1.83
                        Insertion rate per base |	0.01%
                       Insertion average length |	1.65
                             MULTI-MAPPING READS:
        Number of reads mapped to multiple loci |	339853
             % of reads mapped to multiple loci |	1.42%
        Number of reads mapped to too many loci |	629
             % of reads mapped to too many loci |	0.00%
                                  UNMAPPED READS:
  Number of reads unmapped: too many mismatches |	0
       % of reads unmapped: too many mismatches |	0.00%
            Number of reads unmapped: too short |	749524
                 % of reads unmapped: too short |	3.13%
                Number of reads unmapped: other |	3714
                     % of reads unmapped: other |	0.02%
                                  CHIMERIC READS:
                       Number of chimeric reads |	0
                            % of chimeric reads |	0.00%
