producer_class	xtools.gsea.Gsea
producer_timestamp	1688569081802
param	zip_report	false
param	num	100
param	scoring_scheme	weighted
param	norm	meandiv
param	out	/home/mali/NewDrive/Practice/ChIPAndRNA/pathway/GSEA/outputs
param	mode	Max_probe
param	include_only_symbols	true
param	set_max	500
param	gmx	ftp.broadinstitute.org://pub/gsea/msigdb/human/gene_sets/c2.cp.kegg.v2023.1.Hs.symbols.gmt
param	plot_top_x	20
param	nperm	1000
param	order	descending
param	rnd_seed	timestamp
param	rpt_label	STAR_Output_Analysis
param	set_min	15
param	res	/home/mali/NewDrive/Practice/ChIPAndRNA/pathway/GSEA/scripts/norm_counts.gct
param	chip	ftp.broadinstitute.org://pub/gsea/msigdb/human/annotations/Human_Ensembl_Gene_ID_MSigDB.v2023.1.Hs.chip
param	create_svgs	false
param	cls	/home/mali/NewDrive/Practice/ChIPAndRNA/pathway/GSEA/scripts/phenotype.cls#CT_versus_RAS
param	sort	real
param	create_gcts	false
param	help	false
param	save_rnd_lists	false
param	median	false
param	metric	Signal2Noise
param	make_sets	true
param	rnd_type	no_balance
param	gui	false
param	permute	gene_set
param	collapse	Collapse

file	/home/mali/NewDrive/Practice/ChIPAndRNA/pathway/GSEA/outputs/STAR_Output_Analysis.Gsea.1688569081802/index.html
