                                 Started job on |	Jun 30 14:35:30
                             Started mapping on |	Jun 30 14:36:15
                                    Finished on |	Jun 30 14:42:41
       Mapping speed, Million of reads per hour |	197.30

                          Number of input reads |	21155011
                      Average input read length |	300
                                    UNIQUE READS:
                   Uniquely mapped reads number |	19377465
                        Uniquely mapped reads % |	91.60%
                          Average mapped length |	297.69
                       Number of splices: Total |	24531165
            Number of splices: Annotated (sjdb) |	24369676
                       Number of splices: GT/AG |	24316197
                       Number of splices: GC/AG |	158826
                       Number of splices: AT/AC |	21943
               Number of splices: Non-canonical |	34199
                      Mismatch rate per base, % |	0.22%
                         Deletion rate per base |	0.01%
                        Deletion average length |	1.66
                        Insertion rate per base |	0.01%
                       Insertion average length |	1.80
                             MULTI-MAPPING READS:
        Number of reads mapped to multiple loci |	299246
             % of reads mapped to multiple loci |	1.41%
        Number of reads mapped to too many loci |	482
             % of reads mapped to too many loci |	0.00%
                                  UNMAPPED READS:
  Number of reads unmapped: too many mismatches |	0
       % of reads unmapped: too many mismatches |	0.00%
            Number of reads unmapped: too short |	1469263
                 % of reads unmapped: too short |	6.95%
                Number of reads unmapped: other |	8555
                     % of reads unmapped: other |	0.04%
                                  CHIMERIC READS:
                       Number of chimeric reads |	0
                            % of chimeric reads |	0.00%
