STAR version=2.7.10a
STAR compilation time,server,dir=2022-01-16T16:35:44+00:00 <place not set in Debian package>
##### Command Line:
/usr/lib/rna-star/bin/STAR-avx2 --runThreadN 16 --genomeDir /home/mali/NewDrive/Practice/ChIPAndRNA/reference_data/index/STAR --readFilesCommand zcat --readFilesIn /home/mali/NewDrive/Practice/ChIPAndRNA/rnaseq/raw_data/SRR12492511/SRR12492511_1.fastq.gz /home/mali/NewDrive/Practice/ChIPAndRNA/rnaseq/raw_data/SRR12492511/SRR12492511_2.fastq.gz --outFileNamePrefix /home/mali/NewDrive/Practice/ChIPAndRNA/rnaseq/results/STAR/SRR12492511/ --outSAMtype BAM SortedByCoordinate --outSAMunmapped Within --outSAMattributes Standard
##### Initial USER parameters from Command Line:
outFileNamePrefix                 /home/mali/NewDrive/Practice/ChIPAndRNA/rnaseq/results/STAR/SRR12492511/
###### All USER parameters from Command Line:
runThreadN                    16     ~RE-DEFINED
genomeDir                     /home/mali/NewDrive/Practice/ChIPAndRNA/reference_data/index/STAR     ~RE-DEFINED
readFilesCommand              zcat        ~RE-DEFINED
readFilesIn                   /home/mali/NewDrive/Practice/ChIPAndRNA/rnaseq/raw_data/SRR12492511/SRR12492511_1.fastq.gz   /home/mali/NewDrive/Practice/ChIPAndRNA/rnaseq/raw_data/SRR12492511/SRR12492511_2.fastq.gz        ~RE-DEFINED
outFileNamePrefix             /home/mali/NewDrive/Practice/ChIPAndRNA/rnaseq/results/STAR/SRR12492511/     ~RE-DEFINED
outSAMtype                    BAM   SortedByCoordinate        ~RE-DEFINED
outSAMunmapped                Within        ~RE-DEFINED
outSAMattributes              Standard        ~RE-DEFINED
##### Finished reading parameters from all sources

##### Final user re-defined parameters-----------------:
runThreadN                        16
genomeDir                         /home/mali/NewDrive/Practice/ChIPAndRNA/reference_data/index/STAR
readFilesIn                       /home/mali/NewDrive/Practice/ChIPAndRNA/rnaseq/raw_data/SRR12492511/SRR12492511_1.fastq.gz   /home/mali/NewDrive/Practice/ChIPAndRNA/rnaseq/raw_data/SRR12492511/SRR12492511_2.fastq.gz   
readFilesCommand                  zcat   
outFileNamePrefix                 /home/mali/NewDrive/Practice/ChIPAndRNA/rnaseq/results/STAR/SRR12492511/
outSAMtype                        BAM   SortedByCoordinate   
outSAMattributes                  Standard   
outSAMunmapped                    Within   

-------------------------------
##### Final effective command line:
/usr/lib/rna-star/bin/STAR-avx2   --runThreadN 16   --genomeDir /home/mali/NewDrive/Practice/ChIPAndRNA/reference_data/index/STAR   --readFilesIn /home/mali/NewDrive/Practice/ChIPAndRNA/rnaseq/raw_data/SRR12492511/SRR12492511_1.fastq.gz   /home/mali/NewDrive/Practice/ChIPAndRNA/rnaseq/raw_data/SRR12492511/SRR12492511_2.fastq.gz      --readFilesCommand zcat      --outFileNamePrefix /home/mali/NewDrive/Practice/ChIPAndRNA/rnaseq/results/STAR/SRR12492511/   --outSAMtype BAM   SortedByCoordinate      --outSAMattributes Standard      --outSAMunmapped Within   
----------------------------------------

Number of fastq files for each mate = 1

   Input read files for mate 1 :
-rw-rw-r-- 1 mali mali 1575739448 Jun 29 10:50 /home/mali/NewDrive/Practice/ChIPAndRNA/rnaseq/raw_data/SRR12492511/SRR12492511_1.fastq.gz

   readsCommandsFile:
exec > "/home/mali/NewDrive/Practice/ChIPAndRNA/rnaseq/results/STAR/SRR12492511/_STARtmp/tmp.fifo.read1"
echo FILE 0
zcat      "/home/mali/NewDrive/Practice/ChIPAndRNA/rnaseq/raw_data/SRR12492511/SRR12492511_1.fastq.gz"


   Input read files for mate 2 :
-rw-rw-r-- 1 mali mali 1624729509 Jun 29 10:49 /home/mali/NewDrive/Practice/ChIPAndRNA/rnaseq/raw_data/SRR12492511/SRR12492511_2.fastq.gz

   readsCommandsFile:
exec > "/home/mali/NewDrive/Practice/ChIPAndRNA/rnaseq/results/STAR/SRR12492511/_STARtmp/tmp.fifo.read2"
echo FILE 0
zcat      "/home/mali/NewDrive/Practice/ChIPAndRNA/rnaseq/raw_data/SRR12492511/SRR12492511_2.fastq.gz"

ParametersSolo: --soloCellFilterType CellRanger2.2 filtering parameters:  3000 0.99 10
WARNING: --limitBAMsortRAM=0, will use genome size as RAM limit for BAM sorting
Finished loading and checking parameters
Reading genome generation parameters:
### STAR   --runMode genomeGenerate      --runThreadN 24   --genomeDir .   --genomeFastaFiles /uamsgenomics/genomes/Homo_sapiens/Ensembl/GRCh37_Release75/Sequence/WholeGenomeFasta/genome.fa      --sjdbGTFfile /uamsgenomics/genomes/Homo_sapiens/Ensembl/GRCh37_Release75/Annotation/Genes/genes.gtf   --sjdbOverhang 145
### GstrandBit=32
versionGenome                 2.7.4a     ~RE-DEFINED
genomeType                    Full     ~RE-DEFINED
genomeFastaFiles              /uamsgenomics/genomes/Homo_sapiens/Ensembl/GRCh37_Release75/Sequence/WholeGenomeFasta/genome.fa        ~RE-DEFINED
genomeSAindexNbases           14     ~RE-DEFINED
genomeChrBinNbits             18     ~RE-DEFINED
genomeSAsparseD               1     ~RE-DEFINED
genomeTransformType           None     ~RE-DEFINED
genomeTransformVCF            -     ~RE-DEFINED
sjdbOverhang                  145     ~RE-DEFINED
sjdbFileChrStartEnd           -        ~RE-DEFINED
sjdbGTFfile                   /uamsgenomics/genomes/Homo_sapiens/Ensembl/GRCh37_Release75/Annotation/Genes/genes.gtf     ~RE-DEFINED
sjdbGTFchrPrefix              -     ~RE-DEFINED
sjdbGTFfeatureExon            exon     ~RE-DEFINED
sjdbGTFtagExonParentTranscripttranscript_id     ~RE-DEFINED
sjdbGTFtagExonParentGene      gene_id     ~RE-DEFINED
sjdbInsertSave                Basic     ~RE-DEFINED
genomeFileSizes               3199527669   24407865829        ~RE-DEFINED
Genome version is compatible with current STAR
Number of real (reference) chromosomes= 25
1	1	249250621	0
2	2	243199373	249298944
3	3	198022430	492568576
4	4	191154276	690749440
5	5	180915260	882114560
6	6	171115067	1063256064
7	7	159138663	1234436096
8	8	146364022	1393819648
9	9	141213431	1540358144
10	10	135534747	1681653760
11	11	135006516	1817444352
12	12	133851895	1952710656
13	13	115169878	2086666240
14	14	107349540	2202009600
15	15	102531392	2309488640
16	16	90354753	2412249088
17	17	81195210	2502688768
18	18	78077248	2583953408
19	19	59128983	2662072320
20	20	63025520	2721316864
21	21	48129895	2784493568
22	22	51304566	2832728064
23	X	155270560	2884108288
24	Y	59373566	3039559680
25	MT	16569	3099066368
--sjdbOverhang = 145 taken from the generated genome
Started loading the genome: Fri Jun 30 13:55:50 2023

Genome: size given as a parameter = 3199527669
SA: size given as a parameter = 24407865829
SAindex: size given as a parameter = 1
Read from SAindex: pGe.gSAindexNbases=14  nSAi=357913940
nGenome=3199527669;  nSAbyte=24407865829
GstrandBit=32   SA number of indices=5917058382
Shared memory is not used for genomes. Allocated a private copy of the genome.
Genome file size: 3199527669 bytes; state: good=1 eof=0 fail=0 bad=0
Loading Genome ... done! state: good=1 eof=0 fail=0 bad=0; loaded 3199527669 bytes
SA file size: 24407865829 bytes; state: good=1 eof=0 fail=0 bad=0
Loading SA ... done! state: good=1 eof=0 fail=0 bad=0; loaded 24407865829 bytes
Loading SAindex ... done: 1565873619 bytes
Finished loading the genome: Fri Jun 30 13:56:50 2023

Processing splice junctions database sjdbN=344327,   pGe.sjdbOverhang=145 
alignIntronMax=alignMatesGapMax=0, the max intron size will be approximately determined by (2^winBinNbits)*winAnchorDistNbins=589824
Created thread # 1
Created thread # 2
Created thread # 3
Starting to map file # 0
mate 1:   /home/mali/NewDrive/Practice/ChIPAndRNA/rnaseq/raw_data/SRR12492511/SRR12492511_1.fastq.gz
mate 2:   /home/mali/NewDrive/Practice/ChIPAndRNA/rnaseq/raw_data/SRR12492511/SRR12492511_2.fastq.gz
Created thread # 4
Created thread # 5
Created thread # 6
Created thread # 7
Created thread # 8
Created thread # 9
Created thread # 10
Created thread # 11
Created thread # 12
Created thread # 13
Created thread # 14
Created thread # 15
BAM sorting: 156193 mapped reads
BAM sorting bins genomic start loci:
1	0	27326774
2	0	86047209
3	0	155203906
4	0	223938592
5	1	55277420
6	1	158169979
7	1	220405358
8	2	47894358
9	2	126707946
10	3	10078934
11	3	187510041
12	4	135388684
13	4	176885615
14	5	33374633
15	5	74229112
16	6	5567087
17	6	44748154
18	6	100777064
19	7	22426667
20	7	134467507
21	8	97222248
22	9	1087361
23	9	79552155
24	10	3022302
25	10	60618170
26	10	67376078
27	10	122929149
28	11	34179799
29	11	56553879
30	11	120637182
31	12	114537527
32	13	102548571
33	14	66792418
34	15	2012783
35	15	55519322
36	16	4850021
37	16	39965280
38	16	48278835
39	16	79813029
40	18	3053391
41	18	16339690
42	18	47656158
43	18	59067581
44	19	48698314
45	21	29182769
46	21	50719319
47	22	108297407
48	24	5980
Thread #4 end of input stream, nextChar=-1
Completed: thread #15
Completed: thread #12
Completed: thread #4
Completed: thread #13
Completed: thread #0
Completed: thread #6
Completed: thread #9
Completed: thread #11
Completed: thread #2
Completed: thread #3
Completed: thread #10
Completed: thread #8
Completed: thread #14
Completed: thread #7
Completed: thread #1
Joined thread # 1
Joined thread # 2
Joined thread # 3
Joined thread # 4
Completed: thread #5
Joined thread # 5
Joined thread # 6
Joined thread # 7
Joined thread # 8
Joined thread # 9
Joined thread # 10
Joined thread # 11
Joined thread # 12
Joined thread # 13
Joined thread # 14
Joined thread # 15
Jun 30 14:02:04 ..... started sorting BAM
Max memory needed for sorting = 322480914
ALL DONE!
