                                 Started job on |	Jun 30 13:55:50
                             Started mapping on |	Jun 30 13:56:50
                                    Finished on |	Jun 30 14:03:36
       Mapping speed, Million of reads per hour |	199.03

                          Number of input reads |	22446711
                      Average input read length |	300
                                    UNIQUE READS:
                   Uniquely mapped reads number |	21095727
                        Uniquely mapped reads % |	93.98%
                          Average mapped length |	298.30
                       Number of splices: Total |	26527031
            Number of splices: Annotated (sjdb) |	26353921
                       Number of splices: GT/AG |	26293022
                       Number of splices: GC/AG |	174205
                       Number of splices: AT/AC |	26068
               Number of splices: Non-canonical |	33736
                      Mismatch rate per base, % |	0.19%
                         Deletion rate per base |	0.01%
                        Deletion average length |	1.83
                        Insertion rate per base |	0.01%
                       Insertion average length |	1.79
                             MULTI-MAPPING READS:
        Number of reads mapped to multiple loci |	271588
             % of reads mapped to multiple loci |	1.21%
        Number of reads mapped to too many loci |	570
             % of reads mapped to too many loci |	0.00%
                                  UNMAPPED READS:
  Number of reads unmapped: too many mismatches |	0
       % of reads unmapped: too many mismatches |	0.00%
            Number of reads unmapped: too short |	1059850
                 % of reads unmapped: too short |	4.72%
                Number of reads unmapped: other |	18976
                     % of reads unmapped: other |	0.08%
                                  CHIMERIC READS:
                       Number of chimeric reads |	0
                            % of chimeric reads |	0.00%
