STAR version=2.7.10a
STAR compilation time,server,dir=2022-01-16T16:35:44+00:00 <place not set in Debian package>
##### Command Line:
/usr/lib/rna-star/bin/STAR-avx2 --runThreadN 16 --genomeDir /home/mali/NewDrive/Practice/ChIPAndRNA/reference_data/index/STAR --readFilesCommand zcat --readFilesIn /home/mali/NewDrive/Practice/ChIPAndRNA/rnaseq/raw_data/SRR12492518/SRR12492518_1.fastq.gz /home/mali/NewDrive/Practice/ChIPAndRNA/rnaseq/raw_data/SRR12492518/SRR12492518_2.fastq.gz --outFileNamePrefix /home/mali/NewDrive/Practice/ChIPAndRNA/rnaseq/results/STAR/SRR12492518/ --outSAMtype BAM SortedByCoordinate --outSAMunmapped Within --outSAMattributes Standard
##### Initial USER parameters from Command Line:
outFileNamePrefix                 /home/mali/NewDrive/Practice/ChIPAndRNA/rnaseq/results/STAR/SRR12492518/
###### All USER parameters from Command Line:
runThreadN                    16     ~RE-DEFINED
genomeDir                     /home/mali/NewDrive/Practice/ChIPAndRNA/reference_data/index/STAR     ~RE-DEFINED
readFilesCommand              zcat        ~RE-DEFINED
readFilesIn                   /home/mali/NewDrive/Practice/ChIPAndRNA/rnaseq/raw_data/SRR12492518/SRR12492518_1.fastq.gz   /home/mali/NewDrive/Practice/ChIPAndRNA/rnaseq/raw_data/SRR12492518/SRR12492518_2.fastq.gz        ~RE-DEFINED
outFileNamePrefix             /home/mali/NewDrive/Practice/ChIPAndRNA/rnaseq/results/STAR/SRR12492518/     ~RE-DEFINED
outSAMtype                    BAM   SortedByCoordinate        ~RE-DEFINED
outSAMunmapped                Within        ~RE-DEFINED
outSAMattributes              Standard        ~RE-DEFINED
##### Finished reading parameters from all sources

##### Final user re-defined parameters-----------------:
runThreadN                        16
genomeDir                         /home/mali/NewDrive/Practice/ChIPAndRNA/reference_data/index/STAR
readFilesIn                       /home/mali/NewDrive/Practice/ChIPAndRNA/rnaseq/raw_data/SRR12492518/SRR12492518_1.fastq.gz   /home/mali/NewDrive/Practice/ChIPAndRNA/rnaseq/raw_data/SRR12492518/SRR12492518_2.fastq.gz   
readFilesCommand                  zcat   
outFileNamePrefix                 /home/mali/NewDrive/Practice/ChIPAndRNA/rnaseq/results/STAR/SRR12492518/
outSAMtype                        BAM   SortedByCoordinate   
outSAMattributes                  Standard   
outSAMunmapped                    Within   

-------------------------------
##### Final effective command line:
/usr/lib/rna-star/bin/STAR-avx2   --runThreadN 16   --genomeDir /home/mali/NewDrive/Practice/ChIPAndRNA/reference_data/index/STAR   --readFilesIn /home/mali/NewDrive/Practice/ChIPAndRNA/rnaseq/raw_data/SRR12492518/SRR12492518_1.fastq.gz   /home/mali/NewDrive/Practice/ChIPAndRNA/rnaseq/raw_data/SRR12492518/SRR12492518_2.fastq.gz      --readFilesCommand zcat      --outFileNamePrefix /home/mali/NewDrive/Practice/ChIPAndRNA/rnaseq/results/STAR/SRR12492518/   --outSAMtype BAM   SortedByCoordinate      --outSAMattributes Standard      --outSAMunmapped Within   
----------------------------------------

Number of fastq files for each mate = 1

   Input read files for mate 1 :
-rw-rw-r-- 1 mali mali 1466405839 Jun 29 11:57 /home/mali/NewDrive/Practice/ChIPAndRNA/rnaseq/raw_data/SRR12492518/SRR12492518_1.fastq.gz

   readsCommandsFile:
exec > "/home/mali/NewDrive/Practice/ChIPAndRNA/rnaseq/results/STAR/SRR12492518/_STARtmp/tmp.fifo.read1"
echo FILE 0
zcat      "/home/mali/NewDrive/Practice/ChIPAndRNA/rnaseq/raw_data/SRR12492518/SRR12492518_1.fastq.gz"


   Input read files for mate 2 :
-rw-rw-r-- 1 mali mali 1502113504 Jun 29 11:57 /home/mali/NewDrive/Practice/ChIPAndRNA/rnaseq/raw_data/SRR12492518/SRR12492518_2.fastq.gz

   readsCommandsFile:
exec > "/home/mali/NewDrive/Practice/ChIPAndRNA/rnaseq/results/STAR/SRR12492518/_STARtmp/tmp.fifo.read2"
echo FILE 0
zcat      "/home/mali/NewDrive/Practice/ChIPAndRNA/rnaseq/raw_data/SRR12492518/SRR12492518_2.fastq.gz"

ParametersSolo: --soloCellFilterType CellRanger2.2 filtering parameters:  3000 0.99 10
WARNING: --limitBAMsortRAM=0, will use genome size as RAM limit for BAM sorting
Finished loading and checking parameters
Reading genome generation parameters:
### STAR   --runMode genomeGenerate      --runThreadN 24   --genomeDir .   --genomeFastaFiles /uamsgenomics/genomes/Homo_sapiens/Ensembl/GRCh37_Release75/Sequence/WholeGenomeFasta/genome.fa      --sjdbGTFfile /uamsgenomics/genomes/Homo_sapiens/Ensembl/GRCh37_Release75/Annotation/Genes/genes.gtf   --sjdbOverhang 145
### GstrandBit=32
versionGenome                 2.7.4a     ~RE-DEFINED
genomeType                    Full     ~RE-DEFINED
genomeFastaFiles              /uamsgenomics/genomes/Homo_sapiens/Ensembl/GRCh37_Release75/Sequence/WholeGenomeFasta/genome.fa        ~RE-DEFINED
genomeSAindexNbases           14     ~RE-DEFINED
genomeChrBinNbits             18     ~RE-DEFINED
genomeSAsparseD               1     ~RE-DEFINED
genomeTransformType           None     ~RE-DEFINED
genomeTransformVCF            -     ~RE-DEFINED
sjdbOverhang                  145     ~RE-DEFINED
sjdbFileChrStartEnd           -        ~RE-DEFINED
sjdbGTFfile                   /uamsgenomics/genomes/Homo_sapiens/Ensembl/GRCh37_Release75/Annotation/Genes/genes.gtf     ~RE-DEFINED
sjdbGTFchrPrefix              -     ~RE-DEFINED
sjdbGTFfeatureExon            exon     ~RE-DEFINED
sjdbGTFtagExonParentTranscripttranscript_id     ~RE-DEFINED
sjdbGTFtagExonParentGene      gene_id     ~RE-DEFINED
sjdbInsertSave                Basic     ~RE-DEFINED
genomeFileSizes               3199527669   24407865829        ~RE-DEFINED
Genome version is compatible with current STAR
Number of real (reference) chromosomes= 25
1	1	249250621	0
2	2	243199373	249298944
3	3	198022430	492568576
4	4	191154276	690749440
5	5	180915260	882114560
6	6	171115067	1063256064
7	7	159138663	1234436096
8	8	146364022	1393819648
9	9	141213431	1540358144
10	10	135534747	1681653760
11	11	135006516	1817444352
12	12	133851895	1952710656
13	13	115169878	2086666240
14	14	107349540	2202009600
15	15	102531392	2309488640
16	16	90354753	2412249088
17	17	81195210	2502688768
18	18	78077248	2583953408
19	19	59128983	2662072320
20	20	63025520	2721316864
21	21	48129895	2784493568
22	22	51304566	2832728064
23	X	155270560	2884108288
24	Y	59373566	3039559680
25	MT	16569	3099066368
--sjdbOverhang = 145 taken from the generated genome
Started loading the genome: Fri Jun 30 14:49:49 2023

Genome: size given as a parameter = 3199527669
SA: size given as a parameter = 24407865829
SAindex: size given as a parameter = 1
Read from SAindex: pGe.gSAindexNbases=14  nSAi=357913940
nGenome=3199527669;  nSAbyte=24407865829
GstrandBit=32   SA number of indices=5917058382
Shared memory is not used for genomes. Allocated a private copy of the genome.
Genome file size: 3199527669 bytes; state: good=1 eof=0 fail=0 bad=0
Loading Genome ... done! state: good=1 eof=0 fail=0 bad=0; loaded 3199527669 bytes
SA file size: 24407865829 bytes; state: good=1 eof=0 fail=0 bad=0
Loading SA ... done! state: good=1 eof=0 fail=0 bad=0; loaded 24407865829 bytes
Loading SAindex ... done: 1565873619 bytes
Finished loading the genome: Fri Jun 30 14:50:28 2023

Processing splice junctions database sjdbN=344327,   pGe.sjdbOverhang=145 
alignIntronMax=alignMatesGapMax=0, the max intron size will be approximately determined by (2^winBinNbits)*winAnchorDistNbins=589824
Created thread # 1
Created thread # 2
Starting to map file # 0
mate 1:   /home/mali/NewDrive/Practice/ChIPAndRNA/rnaseq/raw_data/SRR12492518/SRR12492518_1.fastq.gz
mate 2:   /home/mali/NewDrive/Practice/ChIPAndRNA/rnaseq/raw_data/SRR12492518/SRR12492518_2.fastq.gz
Created thread # 3
Created thread # 4
Created thread # 5
Created thread # 6
Created thread # 7
Created thread # 8
Created thread # 9
Created thread # 10
Created thread # 11
Created thread # 12
Created thread # 13
Created thread # 14
Created thread # 15
BAM sorting: 156126 mapped reads
BAM sorting bins genomic start loci:
1	0	26607316
2	0	76216150
3	0	153954609
4	0	206769145
5	1	47389732
6	1	150438724
7	1	242440969
8	2	52293881
9	2	183894833
10	3	99801863
11	4	102601626
12	4	151049224
13	5	31237269
14	5	64290976
15	5	143823558
16	6	5568944
17	6	75959332
18	6	135292000
19	7	93898618
20	8	37588834
21	8	136217158
22	9	74100583
23	10	319887
24	10	47441897
25	10	66411022
26	10	117075268
27	11	6879929
28	11	56119925
29	11	112460111
30	12	103288719
31	13	93273126
32	14	63335046
33	14	89442163
34	15	30002724
35	15	84599849
36	16	16329520
37	16	41371410
38	16	73774728
39	17	46385926
40	18	5714244
41	18	19605104
42	18	49377176
43	18	59067093
44	19	44054471
45	21	17619141
46	21	40697174
47	22	70517714
48	24	3317
Thread #1 end of input stream, nextChar=-1
Completed: thread #6
Completed: thread #11
Completed: thread #14
Completed: thread #0
Completed: thread #8
Completed: thread #13
Completed: thread #1
Joined thread # 1
Completed: thread #5
Completed: thread #3
Completed: thread #2
Joined thread # 2
Joined thread # 3
Completed: thread #15
Completed: thread #12
Completed: thread #9
Completed: thread #7
Completed: thread #10
Completed: thread #4
Joined thread # 4
Joined thread # 5
Joined thread # 6
Joined thread # 7
Joined thread # 8
Joined thread # 9
Joined thread # 10
Joined thread # 11
Joined thread # 12
Joined thread # 13
Joined thread # 14
Joined thread # 15
Jun 30 14:55:16 ..... started sorting BAM
Max memory needed for sorting = 297061892
ALL DONE!
