                                 Started job on |	Jun 30 15:03:05
                             Started mapping on |	Jun 30 15:03:24
                                    Finished on |	Jun 30 15:10:34
       Mapping speed, Million of reads per hour |	200.27

                          Number of input reads |	23921266
                      Average input read length |	300
                                    UNIQUE READS:
                   Uniquely mapped reads number |	22928847
                        Uniquely mapped reads % |	95.85%
                          Average mapped length |	298.25
                       Number of splices: Total |	28032243
            Number of splices: Annotated (sjdb) |	27853923
                       Number of splices: GT/AG |	27767387
                       Number of splices: GC/AG |	198956
                       Number of splices: AT/AC |	26745
               Number of splices: Non-canonical |	39155
                      Mismatch rate per base, % |	0.20%
                         Deletion rate per base |	0.01%
                        Deletion average length |	1.83
                        Insertion rate per base |	0.01%
                       Insertion average length |	1.66
                             MULTI-MAPPING READS:
        Number of reads mapped to multiple loci |	320715
             % of reads mapped to multiple loci |	1.34%
        Number of reads mapped to too many loci |	641
             % of reads mapped to too many loci |	0.00%
                                  UNMAPPED READS:
  Number of reads unmapped: too many mismatches |	0
       % of reads unmapped: too many mismatches |	0.00%
            Number of reads unmapped: too short |	667785
                 % of reads unmapped: too short |	2.79%
                Number of reads unmapped: other |	3278
                     % of reads unmapped: other |	0.01%
                                  CHIMERIC READS:
                       Number of chimeric reads |	0
                            % of chimeric reads |	0.00%
