                                 Started job on |	Jun 30 14:42:43
                             Started mapping on |	Jun 30 14:43:24
                                    Finished on |	Jun 30 14:49:46
       Mapping speed, Million of reads per hour |	200.64

                          Number of input reads |	21289723
                      Average input read length |	300
                                    UNIQUE READS:
                   Uniquely mapped reads number |	19662933
                        Uniquely mapped reads % |	92.36%
                          Average mapped length |	298.01
                       Number of splices: Total |	25395999
            Number of splices: Annotated (sjdb) |	25226902
                       Number of splices: GT/AG |	25171898
                       Number of splices: GC/AG |	166984
                       Number of splices: AT/AC |	22653
               Number of splices: Non-canonical |	34464
                      Mismatch rate per base, % |	0.19%
                         Deletion rate per base |	0.01%
                        Deletion average length |	1.79
                        Insertion rate per base |	0.01%
                       Insertion average length |	1.76
                             MULTI-MAPPING READS:
        Number of reads mapped to multiple loci |	293039
             % of reads mapped to multiple loci |	1.38%
        Number of reads mapped to too many loci |	433
             % of reads mapped to too many loci |	0.00%
                                  UNMAPPED READS:
  Number of reads unmapped: too many mismatches |	0
       % of reads unmapped: too many mismatches |	0.00%
            Number of reads unmapped: too short |	1327870
                 % of reads unmapped: too short |	6.24%
                Number of reads unmapped: other |	5448
                     % of reads unmapped: other |	0.03%
                                  CHIMERIC READS:
                       Number of chimeric reads |	0
                            % of chimeric reads |	0.00%
