                                 Started job on |	Jun 30 14:56:39
                             Started mapping on |	Jun 30 14:57:05
                                    Finished on |	Jun 30 15:03:02
       Mapping speed, Million of reads per hour |	211.61

                          Number of input reads |	20984375
                      Average input read length |	300
                                    UNIQUE READS:
                   Uniquely mapped reads number |	20016852
                        Uniquely mapped reads % |	95.39%
                          Average mapped length |	298.23
                       Number of splices: Total |	24287599
            Number of splices: Annotated (sjdb) |	24134472
                       Number of splices: GT/AG |	24054940
                       Number of splices: GC/AG |	173705
                       Number of splices: AT/AC |	23740
               Number of splices: Non-canonical |	35214
                      Mismatch rate per base, % |	0.20%
                         Deletion rate per base |	0.01%
                        Deletion average length |	1.83
                        Insertion rate per base |	0.01%
                       Insertion average length |	1.72
                             MULTI-MAPPING READS:
        Number of reads mapped to multiple loci |	277162
             % of reads mapped to multiple loci |	1.32%
        Number of reads mapped to too many loci |	583
             % of reads mapped to too many loci |	0.00%
                                  UNMAPPED READS:
  Number of reads unmapped: too many mismatches |	0
       % of reads unmapped: too many mismatches |	0.00%
            Number of reads unmapped: too short |	683478
                 % of reads unmapped: too short |	3.26%
                Number of reads unmapped: other |	6300
                     % of reads unmapped: other |	0.03%
                                  CHIMERIC READS:
                       Number of chimeric reads |	0
                            % of chimeric reads |	0.00%
