                                 Started job on |	Jun 30 14:03:39
                             Started mapping on |	Jun 30 14:04:38
                                    Finished on |	Jun 30 14:11:55
       Mapping speed, Million of reads per hour |	197.97

                          Number of input reads |	24031606
                      Average input read length |	300
                                    UNIQUE READS:
                   Uniquely mapped reads number |	22619460
                        Uniquely mapped reads % |	94.12%
                          Average mapped length |	298.27
                       Number of splices: Total |	28277892
            Number of splices: Annotated (sjdb) |	28097237
                       Number of splices: GT/AG |	28029981
                       Number of splices: GC/AG |	185683
                       Number of splices: AT/AC |	27091
               Number of splices: Non-canonical |	35137
                      Mismatch rate per base, % |	0.20%
                         Deletion rate per base |	0.01%
                        Deletion average length |	1.81
                        Insertion rate per base |	0.01%
                       Insertion average length |	1.73
                             MULTI-MAPPING READS:
        Number of reads mapped to multiple loci |	297108
             % of reads mapped to multiple loci |	1.24%
        Number of reads mapped to too many loci |	671
             % of reads mapped to too many loci |	0.00%
                                  UNMAPPED READS:
  Number of reads unmapped: too many mismatches |	0
       % of reads unmapped: too many mismatches |	0.00%
            Number of reads unmapped: too short |	1108182
                 % of reads unmapped: too short |	4.61%
                Number of reads unmapped: other |	6185
                     % of reads unmapped: other |	0.03%
                                  CHIMERIC READS:
                       Number of chimeric reads |	0
                            % of chimeric reads |	0.00%
