STAR version=2.7.10a
STAR compilation time,server,dir=2022-01-16T16:35:44+00:00 <place not set in Debian package>
##### Command Line:
/usr/lib/rna-star/bin/STAR-avx2 --runThreadN 16 --genomeDir /home/mali/NewDrive/Practice/ChIPAndRNA/reference_data/index/STAR --readFilesCommand zcat --readFilesIn /home/mali/NewDrive/Practice/ChIPAndRNA/rnaseq/raw_data/SRR12492512/SRR12492512_1.fastq.gz /home/mali/NewDrive/Practice/ChIPAndRNA/rnaseq/raw_data/SRR12492512/SRR12492512_2.fastq.gz --outFileNamePrefix /home/mali/NewDrive/Practice/ChIPAndRNA/rnaseq/results/STAR/SRR12492512/ --outSAMtype BAM SortedByCoordinate --outSAMunmapped Within --outSAMattributes Standard
##### Initial USER parameters from Command Line:
outFileNamePrefix                 /home/mali/NewDrive/Practice/ChIPAndRNA/rnaseq/results/STAR/SRR12492512/
###### All USER parameters from Command Line:
runThreadN                    16     ~RE-DEFINED
genomeDir                     /home/mali/NewDrive/Practice/ChIPAndRNA/reference_data/index/STAR     ~RE-DEFINED
readFilesCommand              zcat        ~RE-DEFINED
readFilesIn                   /home/mali/NewDrive/Practice/ChIPAndRNA/rnaseq/raw_data/SRR12492512/SRR12492512_1.fastq.gz   /home/mali/NewDrive/Practice/ChIPAndRNA/rnaseq/raw_data/SRR12492512/SRR12492512_2.fastq.gz        ~RE-DEFINED
outFileNamePrefix             /home/mali/NewDrive/Practice/ChIPAndRNA/rnaseq/results/STAR/SRR12492512/     ~RE-DEFINED
outSAMtype                    BAM   SortedByCoordinate        ~RE-DEFINED
outSAMunmapped                Within        ~RE-DEFINED
outSAMattributes              Standard        ~RE-DEFINED
##### Finished reading parameters from all sources

##### Final user re-defined parameters-----------------:
runThreadN                        16
genomeDir                         /home/mali/NewDrive/Practice/ChIPAndRNA/reference_data/index/STAR
readFilesIn                       /home/mali/NewDrive/Practice/ChIPAndRNA/rnaseq/raw_data/SRR12492512/SRR12492512_1.fastq.gz   /home/mali/NewDrive/Practice/ChIPAndRNA/rnaseq/raw_data/SRR12492512/SRR12492512_2.fastq.gz   
readFilesCommand                  zcat   
outFileNamePrefix                 /home/mali/NewDrive/Practice/ChIPAndRNA/rnaseq/results/STAR/SRR12492512/
outSAMtype                        BAM   SortedByCoordinate   
outSAMattributes                  Standard   
outSAMunmapped                    Within   

-------------------------------
##### Final effective command line:
/usr/lib/rna-star/bin/STAR-avx2   --runThreadN 16   --genomeDir /home/mali/NewDrive/Practice/ChIPAndRNA/reference_data/index/STAR   --readFilesIn /home/mali/NewDrive/Practice/ChIPAndRNA/rnaseq/raw_data/SRR12492512/SRR12492512_1.fastq.gz   /home/mali/NewDrive/Practice/ChIPAndRNA/rnaseq/raw_data/SRR12492512/SRR12492512_2.fastq.gz      --readFilesCommand zcat      --outFileNamePrefix /home/mali/NewDrive/Practice/ChIPAndRNA/rnaseq/results/STAR/SRR12492512/   --outSAMtype BAM   SortedByCoordinate      --outSAMattributes Standard      --outSAMunmapped Within   
----------------------------------------

Number of fastq files for each mate = 1

   Input read files for mate 1 :
-rw-rw-r-- 1 mali mali 1689980894 Jun 29 10:51 /home/mali/NewDrive/Practice/ChIPAndRNA/rnaseq/raw_data/SRR12492512/SRR12492512_1.fastq.gz

   readsCommandsFile:
exec > "/home/mali/NewDrive/Practice/ChIPAndRNA/rnaseq/results/STAR/SRR12492512/_STARtmp/tmp.fifo.read1"
echo FILE 0
zcat      "/home/mali/NewDrive/Practice/ChIPAndRNA/rnaseq/raw_data/SRR12492512/SRR12492512_1.fastq.gz"


   Input read files for mate 2 :
-rw-rw-r-- 1 mali mali 1742900330 Jun 29 10:51 /home/mali/NewDrive/Practice/ChIPAndRNA/rnaseq/raw_data/SRR12492512/SRR12492512_2.fastq.gz

   readsCommandsFile:
exec > "/home/mali/NewDrive/Practice/ChIPAndRNA/rnaseq/results/STAR/SRR12492512/_STARtmp/tmp.fifo.read2"
echo FILE 0
zcat      "/home/mali/NewDrive/Practice/ChIPAndRNA/rnaseq/raw_data/SRR12492512/SRR12492512_2.fastq.gz"

ParametersSolo: --soloCellFilterType CellRanger2.2 filtering parameters:  3000 0.99 10
WARNING: --limitBAMsortRAM=0, will use genome size as RAM limit for BAM sorting
Finished loading and checking parameters
Reading genome generation parameters:
### STAR   --runMode genomeGenerate      --runThreadN 24   --genomeDir .   --genomeFastaFiles /uamsgenomics/genomes/Homo_sapiens/Ensembl/GRCh37_Release75/Sequence/WholeGenomeFasta/genome.fa      --sjdbGTFfile /uamsgenomics/genomes/Homo_sapiens/Ensembl/GRCh37_Release75/Annotation/Genes/genes.gtf   --sjdbOverhang 145
### GstrandBit=32
versionGenome                 2.7.4a     ~RE-DEFINED
genomeType                    Full     ~RE-DEFINED
genomeFastaFiles              /uamsgenomics/genomes/Homo_sapiens/Ensembl/GRCh37_Release75/Sequence/WholeGenomeFasta/genome.fa        ~RE-DEFINED
genomeSAindexNbases           14     ~RE-DEFINED
genomeChrBinNbits             18     ~RE-DEFINED
genomeSAsparseD               1     ~RE-DEFINED
genomeTransformType           None     ~RE-DEFINED
genomeTransformVCF            -     ~RE-DEFINED
sjdbOverhang                  145     ~RE-DEFINED
sjdbFileChrStartEnd           -        ~RE-DEFINED
sjdbGTFfile                   /uamsgenomics/genomes/Homo_sapiens/Ensembl/GRCh37_Release75/Annotation/Genes/genes.gtf     ~RE-DEFINED
sjdbGTFchrPrefix              -     ~RE-DEFINED
sjdbGTFfeatureExon            exon     ~RE-DEFINED
sjdbGTFtagExonParentTranscripttranscript_id     ~RE-DEFINED
sjdbGTFtagExonParentGene      gene_id     ~RE-DEFINED
sjdbInsertSave                Basic     ~RE-DEFINED
genomeFileSizes               3199527669   24407865829        ~RE-DEFINED
Genome version is compatible with current STAR
Number of real (reference) chromosomes= 25
1	1	249250621	0
2	2	243199373	249298944
3	3	198022430	492568576
4	4	191154276	690749440
5	5	180915260	882114560
6	6	171115067	1063256064
7	7	159138663	1234436096
8	8	146364022	1393819648
9	9	141213431	1540358144
10	10	135534747	1681653760
11	11	135006516	1817444352
12	12	133851895	1952710656
13	13	115169878	2086666240
14	14	107349540	2202009600
15	15	102531392	2309488640
16	16	90354753	2412249088
17	17	81195210	2502688768
18	18	78077248	2583953408
19	19	59128983	2662072320
20	20	63025520	2721316864
21	21	48129895	2784493568
22	22	51304566	2832728064
23	X	155270560	2884108288
24	Y	59373566	3039559680
25	MT	16569	3099066368
--sjdbOverhang = 145 taken from the generated genome
Started loading the genome: Fri Jun 30 14:03:39 2023

Genome: size given as a parameter = 3199527669
SA: size given as a parameter = 24407865829
SAindex: size given as a parameter = 1
Read from SAindex: pGe.gSAindexNbases=14  nSAi=357913940
nGenome=3199527669;  nSAbyte=24407865829
GstrandBit=32   SA number of indices=5917058382
Shared memory is not used for genomes. Allocated a private copy of the genome.
Genome file size: 3199527669 bytes; state: good=1 eof=0 fail=0 bad=0
Loading Genome ... done! state: good=1 eof=0 fail=0 bad=0; loaded 3199527669 bytes
SA file size: 24407865829 bytes; state: good=1 eof=0 fail=0 bad=0
Loading SA ... done! state: good=1 eof=0 fail=0 bad=0; loaded 24407865829 bytes
Loading SAindex ... done: 1565873619 bytes
Finished loading the genome: Fri Jun 30 14:04:38 2023

Processing splice junctions database sjdbN=344327,   pGe.sjdbOverhang=145 
alignIntronMax=alignMatesGapMax=0, the max intron size will be approximately determined by (2^winBinNbits)*winAnchorDistNbins=589824
Created thread # 1
Starting to map file # 0
mate 1:   /home/mali/NewDrive/Practice/ChIPAndRNA/rnaseq/raw_data/SRR12492512/SRR12492512_1.fastq.gz
mate 2:   /home/mali/NewDrive/Practice/ChIPAndRNA/rnaseq/raw_data/SRR12492512/SRR12492512_2.fastq.gz
Created thread # 2
Created thread # 3
Created thread # 4
Created thread # 5
Created thread # 6
Created thread # 7
Created thread # 8
Created thread # 9
Created thread # 10
Created thread # 11
Created thread # 12
Created thread # 13
Created thread # 14
Created thread # 15
BAM sorting: 156127 mapped reads
BAM sorting bins genomic start loci:
1	0	27268074
2	0	86048993
3	0	155874171
4	0	228108946
5	1	65432661
6	1	171804922
7	1	231742804
8	2	49059582
9	2	133307758
10	3	39458024
11	4	16762194
12	4	138704738
13	4	180003369
14	5	35438405
15	5	83892683
16	6	5567658
17	6	56136260
18	6	116165079
19	7	37917609
20	8	19050608
21	8	130213033
22	9	17275860
23	9	99474203
24	10	12020245
25	10	62489762
26	10	77590011
27	11	6646126
28	11	49666231
29	11	69987322
30	11	125397984
31	13	25735608
32	14	40089422
33	14	72501139
34	15	15165010
35	15	67916981
36	16	7481221
37	16	40734194
38	16	66039469
39	17	9400780
40	18	5691363
41	18	29698657
42	18	49468625
43	19	21736082
44	20	9827035
45	21	36135700
46	22	9469855
47	22	128621074
48	24	6278
Thread #5 end of input stream, nextChar=-1
Completed: thread #13
Completed: thread #4
Completed: thread #5
Completed: thread #1
Completed: thread #2
Completed: thread #15
Completed: thread #9
Completed: thread #10
Completed: thread #6
Completed: thread #7
Completed: thread #11
Completed: thread #8
Completed: thread #12
Completed: thread #14
Completed: thread #0
Joined thread # 1
Joined thread # 2
Completed: thread #3
Joined thread # 3
Joined thread # 4
Joined thread # 5
Joined thread # 6
Joined thread # 7
Joined thread # 8
Joined thread # 9
Joined thread # 10
Joined thread # 11
Joined thread # 12
Joined thread # 13
Joined thread # 14
Joined thread # 15
Jun 30 14:10:11 ..... started sorting BAM
Max memory needed for sorting = 350280468
ALL DONE!
