                                 Started job on |	Jun 30 14:11:58
                             Started mapping on |	Jun 30 14:12:55
                                    Finished on |	Jun 30 14:20:19
       Mapping speed, Million of reads per hour |	192.83

                          Number of input reads |	23782928
                      Average input read length |	300
                                    UNIQUE READS:
                   Uniquely mapped reads number |	22085237
                        Uniquely mapped reads % |	92.86%
                          Average mapped length |	297.99
                       Number of splices: Total |	27231236
            Number of splices: Annotated (sjdb) |	27052779
                       Number of splices: GT/AG |	26984670
                       Number of splices: GC/AG |	190574
                       Number of splices: AT/AC |	22116
               Number of splices: Non-canonical |	33876
                      Mismatch rate per base, % |	0.21%
                         Deletion rate per base |	0.01%
                        Deletion average length |	1.80
                        Insertion rate per base |	0.01%
                       Insertion average length |	1.69
                             MULTI-MAPPING READS:
        Number of reads mapped to multiple loci |	282276
             % of reads mapped to multiple loci |	1.19%
        Number of reads mapped to too many loci |	508
             % of reads mapped to too many loci |	0.00%
                                  UNMAPPED READS:
  Number of reads unmapped: too many mismatches |	0
       % of reads unmapped: too many mismatches |	0.00%
            Number of reads unmapped: too short |	1409128
                 % of reads unmapped: too short |	5.92%
                Number of reads unmapped: other |	5779
                     % of reads unmapped: other |	0.02%
                                  CHIMERIC READS:
                       Number of chimeric reads |	0
                            % of chimeric reads |	0.00%
