                                 Started job on |	Jun 30 14:28:02
                             Started mapping on |	Jun 30 14:28:57
                                    Finished on |	Jun 30 14:35:28
       Mapping speed, Million of reads per hour |	207.23

                          Number of input reads |	22507628
                      Average input read length |	300
                                    UNIQUE READS:
                   Uniquely mapped reads number |	20770851
                        Uniquely mapped reads % |	92.28%
                          Average mapped length |	297.90
                       Number of splices: Total |	25560795
            Number of splices: Annotated (sjdb) |	25389761
                       Number of splices: GT/AG |	25331129
                       Number of splices: GC/AG |	174767
                       Number of splices: AT/AC |	21755
               Number of splices: Non-canonical |	33144
                      Mismatch rate per base, % |	0.21%
                         Deletion rate per base |	0.01%
                        Deletion average length |	1.83
                        Insertion rate per base |	0.01%
                       Insertion average length |	1.68
                             MULTI-MAPPING READS:
        Number of reads mapped to multiple loci |	279046
             % of reads mapped to multiple loci |	1.24%
        Number of reads mapped to too many loci |	521
             % of reads mapped to too many loci |	0.00%
                                  UNMAPPED READS:
  Number of reads unmapped: too many mismatches |	0
       % of reads unmapped: too many mismatches |	0.00%
            Number of reads unmapped: too short |	1420969
                 % of reads unmapped: too short |	6.31%
                Number of reads unmapped: other |	36241
                     % of reads unmapped: other |	0.16%
                                  CHIMERIC READS:
                       Number of chimeric reads |	0
                            % of chimeric reads |	0.00%
